file /home/rena/projects/fceux/SConstruct,line 89:
	Configure(confdir = .sconf_temp)
scons: Configure: Checking for C library dw... 
scons: Configure: ".sconf_temp/conftest_0.c" is up to date.
scons: Configure: The original builder output was:
  |.sconf_temp/conftest_0.c <-
  |  |
  |  |
  |  |
  |  |int
  |  |main() {
  |  |  
  |  |return 0;
  |  |}
  |  |
  |
scons: Configure: ".sconf_temp/conftest_0.o" is up to date.
scons: Configure: The original builder output was:
  |gcc -o .sconf_temp/conftest_0.o -c -Wall -Wno-write-strings -Wno-sign-compare .sconf_temp/conftest_0.c
  |
scons: Configure: ".sconf_temp/conftest_0" is up to date.
scons: Configure: The original builder output was:
  |gcc -o .sconf_temp/conftest_0 .sconf_temp/conftest_0.o -ldw
  |
scons: Configure: (cached) yes

scons: Configure: Checking for C function asprintf()... 
scons: Configure: ".sconf_temp/conftest_1.c" is up to date.
scons: Configure: The original builder output was:
  |.sconf_temp/conftest_1.c <-
  |  |
  |  |
  |  |#include <assert.h>
  |  |
  |  |#ifdef __cplusplus
  |  |extern "C"
  |  |#endif
  |  |char asprintf();
  |  |
  |  |int main() {
  |  |#if defined (__stub_asprintf) || defined (__stub___asprintf)
  |  |  fail fail fail
  |  |#else
  |  |  asprintf();
  |  |#endif
  |  |
  |  |  return 0;
  |  |}
  |  |
  |
scons: Configure: ".sconf_temp/conftest_1.o" is up to date.
scons: Configure: The original builder output was:
  |gcc -o .sconf_temp/conftest_1.o -c -Wall -Wno-write-strings -Wno-sign-compare -DBACKWARD_HAS_DW=1 .sconf_temp/conftest_1.c
  |
scons: Configure: ".sconf_temp/conftest_1" is up to date.
scons: Configure: The original builder output was:
  |gcc -o .sconf_temp/conftest_1 -ldw .sconf_temp/conftest_1.o -ldw
  |
scons: Configure: (cached) yes

scons: Configure: Checking for inflate in C library z... 
scons: Configure: ".sconf_temp/conftest_2.c" is up to date.
scons: Configure: The original builder output was:
  |.sconf_temp/conftest_2.c <-
  |  |
  |  |
  |  |#include "zlib.h"
  |  |
  |  |int
  |  |main() {
  |  |  inflate;
  |  |return 0;
  |  |}
  |  |
  |
scons: Configure: ".sconf_temp/conftest_2.o" is up to date.
scons: Configure: The original builder output was:
  |gcc -o .sconf_temp/conftest_2.o -c -Wall -Wno-write-strings -Wno-sign-compare -DBACKWARD_HAS_DW=1 -DHAVE_ASPRINTF .sconf_temp/conftest_2.c
  |
scons: Configure: ".sconf_temp/conftest_2" is up to date.
scons: Configure: The original builder output was:
  |gcc -o .sconf_temp/conftest_2 -ldw .sconf_temp/conftest_2.o -ldw -lz
  |
scons: Configure: (cached) yes

scons: Configure: Checking for C library SDL... 
scons: Configure: ".sconf_temp/conftest_3.c" is up to date.
scons: Configure: The original builder output was:
  |.sconf_temp/conftest_3.c <-
  |  |
  |  |
  |  |
  |  |int
  |  |main() {
  |  |  
  |  |return 0;
  |  |}
  |  |
  |
scons: Configure: ".sconf_temp/conftest_3.o" is up to date.
scons: Configure: The original builder output was:
  |gcc -o .sconf_temp/conftest_3.o -c -Wall -Wno-write-strings -Wno-sign-compare -DBACKWARD_HAS_DW=1 -DHAVE_ASPRINTF .sconf_temp/conftest_3.c
  |
scons: Configure: ".sconf_temp/conftest_3" is up to date.
scons: Configure: The original builder output was:
  |gcc -o .sconf_temp/conftest_3 -ldw .sconf_temp/conftest_3.o -ldw -lz -lSDL
  |
scons: Configure: (cached) yes

scons: Configure: Checking for C library gtk-x11-2.0... 
scons: Configure: ".sconf_temp/conftest_4.c" is up to date.
scons: Configure: The original builder output was:
  |.sconf_temp/conftest_4.c <-
  |  |
  |  |
  |  |
  |  |int
  |  |main() {
  |  |  
  |  |return 0;
  |  |}
  |  |
  |
scons: Configure: ".sconf_temp/conftest_4.o" is up to date.
scons: Configure: The original builder output was:
  |gcc -o .sconf_temp/conftest_4.o -c -Wall -Wno-write-strings -Wno-sign-compare -DBACKWARD_HAS_DW=1 -DHAVE_ASPRINTF -D_GNU_SOURCE=1 -D_REENTRANT -I/usr/include/SDL .sconf_temp/conftest_4.c
  |
scons: Configure: ".sconf_temp/conftest_4" is up to date.
scons: Configure: The original builder output was:
  |gcc -o .sconf_temp/conftest_4 -ldw .sconf_temp/conftest_4.o -L/usr/lib -ldw -lz -lSDL -lpthread -lgtk-x11-2.0
  |
scons: Configure: (cached) yes

scons: Configure: Checking for C library gd... 
scons: Configure: ".sconf_temp/conftest_5.c" is up to date.
scons: Configure: The original builder output was:
  |.sconf_temp/conftest_5.c <-
  |  |
  |  |
  |  |
  |  |int
  |  |main() {
  |  |  
  |  |return 0;
  |  |}
  |  |
  |
scons: Configure: ".sconf_temp/conftest_5.o" is up to date.
scons: Configure: The original builder output was:
  |gcc -o .sconf_temp/conftest_5.o -c -Wall -Wno-write-strings -Wno-sign-compare -DBACKWARD_HAS_DW=1 -DHAVE_ASPRINTF -pthread -D_GTK -DLUA_USE_LINUX -Isrc/lua/src -D_GNU_SOURCE=1 -D_REENTRANT -D_GTK2 -D_S9XLUA_H -DLUA_COMPAT_5_2 -DLUA_COMPAT_5_1 -I/usr/include/SDL -I/usr/include/gtk-2.0 -I/usr/lib/gtk-2.0/include -I/usr/include/pango-1.0 -I/usr/include/atk-1.0 -I/usr/include/cairo -I/usr/include/pixman-1 -I/usr/include/libdrm -I/usr/include/gdk-pixbuf-2.0 -I/usr/include/libpng16 -I/usr/include/glib-2.0 -I/usr/lib/glib-2.0/include -I/usr/include/freetype2 -I/usr/include/harfbuzz .sconf_temp/conftest_5.c
  |
scons: Configure: ".sconf_temp/conftest_5" is up to date.
scons: Configure: The original builder output was:
  |gcc -o .sconf_temp/conftest_5 -ldw -pthread -ldl -Wl,--as-needed .sconf_temp/conftest_5.o -L/usr/lib -ldw -lz -lSDL -lpthread -lgtk-x11-2.0 -lgdk-x11-2.0 -lpangocairo-1.0 -latk-1.0 -lcairo -lgdk_pixbuf-2.0 -lgio-2.0 -lpangoft2-1.0 -lpango-1.0 -lgobject-2.0 -lglib-2.0 -lfontconfig -lfreetype -lgd
  |
scons: Configure: (cached) yes

scons: Configure: Checking for C library GL... 
scons: Configure: ".sconf_temp/conftest_6.c" is up to date.
scons: Configure: The original builder output was:
  |.sconf_temp/conftest_6.c <-
  |  |
  |  |
  |  |#include "GL/gl.h"
  |  |
  |  |int
  |  |main() {
  |  |  
  |  |return 0;
  |  |}
  |  |
  |
scons: Configure: ".sconf_temp/conftest_6.o" is up to date.
scons: Configure: The original builder output was:
  |gcc -o .sconf_temp/conftest_6.o -c -Wall -Wno-write-strings -Wno-sign-compare -DBACKWARD_HAS_DW=1 -DHAVE_ASPRINTF -pthread -D_GTK -DLUA_USE_LINUX -Isrc/lua/src -D_GNU_SOURCE=1 -D_REENTRANT -D_GTK2 -D_S9XLUA_H -DLUA_COMPAT_5_2 -DLUA_COMPAT_5_1 -I/usr/include/SDL -I/usr/include/gtk-2.0 -I/usr/lib/gtk-2.0/include -I/usr/include/pango-1.0 -I/usr/include/atk-1.0 -I/usr/include/cairo -I/usr/include/pixman-1 -I/usr/include/libdrm -I/usr/include/gdk-pixbuf-2.0 -I/usr/include/libpng16 -I/usr/include/glib-2.0 -I/usr/lib/glib-2.0/include -I/usr/include/freetype2 -I/usr/include/harfbuzz .sconf_temp/conftest_6.c
  |
scons: Configure: ".sconf_temp/conftest_6" is up to date.
scons: Configure: The original builder output was:
  |gcc -o .sconf_temp/conftest_6 -ldw -pthread -ldl -Wl,--as-needed .sconf_temp/conftest_6.o -L/usr/lib -ldw -lz -lSDL -lpthread -lgtk-x11-2.0 -lgdk-x11-2.0 -lpangocairo-1.0 -latk-1.0 -lcairo -lgdk_pixbuf-2.0 -lgio-2.0 -lpangoft2-1.0 -lpango-1.0 -lgobject-2.0 -lglib-2.0 -lfontconfig -lfreetype -lgd -lGL
  |
scons: Configure: (cached) yes


